{"/Users/johnalbritton/Documents/Websites/auto-app/client/src/App.js": {"path":"/Users/johnalbritton/Documents/Websites/auto-app/client/src/App.js","statementMap":{"0":{"start":{"line":7,"column":4},"end":{"line":14,"column":6}}},"fnMap":{"0":{"name":"(anonymous_0)","decl":{"start":{"line":6,"column":2},"end":{"line":6,"column":3}},"loc":{"start":{"line":6,"column":11},"end":{"line":15,"column":3}}}},"branchMap":{},"s":{"0":1},"f":{"0":1},"b":{},"hash":"6f0892775e07a00e265fe36f4e5f9e87c5508f62"}
,"/Users/johnalbritton/Documents/Websites/auto-app/client/src/Navbar.js": {"path":"/Users/johnalbritton/Documents/Websites/auto-app/client/src/Navbar.js","statementMap":{"0":{"start":{"line":5,"column":8},"end":{"line":22,"column":10}}},"fnMap":{"0":{"name":"(anonymous_0)","decl":{"start":{"line":4,"column":4},"end":{"line":4,"column":5}},"loc":{"start":{"line":4,"column":13},"end":{"line":23,"column":5}}}},"branchMap":{},"s":{"0":1},"f":{"0":1},"b":{},"hash":"0db7014ed9d48d17e19f477b92b13719890e3eaa"}
}
